This file contains any messages produced by compilers while
running configure, to aid debugging if configure makes a mistake.

It was created by Google C++ Testing Framework configure 1.7.0, which was
generated by GNU Autoconf 2.63.  Invocation command line was

  $ ./configure --no-create --no-recursion

## --------- ##
## Platform. ##
## --------- ##

hostname = ss
uname -m = x86_64
uname -r = 2.6.32-39-pve
uname -s = Linux
uname -v = #1 SMP Wed Jun 24 06:39:42 CEST 2015

/usr/bin/uname -p = unknown
/bin/uname -X     = unknown

/bin/arch              = x86_64
/usr/bin/arch -k       = unknown
/usr/convex/getsysinfo = unknown
/usr/bin/hostinfo      = unknown
/bin/machine           = unknown
/usr/bin/oslevel       = unknown
/bin/universe          = unknown

PATH: /usr/local/bin
PATH: /bin
PATH: /usr/bin
PATH: /usr/local/sbin
PATH: /usr/sbin
PATH: /sbin
PATH: /home/dev/bin


## ----------- ##
## Core tests. ##
## ----------- ##

configure:1983: checking for a BSD-compatible install
configure:2051: result: /usr/bin/install -c
configure:2062: checking whether build environment is sane
configure:2122: result: yes
configure:2263: checking for a thread-safe mkdir -p
configure:2302: result: /bin/mkdir -p
configure:2315: checking for gawk
configure:2331: found /bin/gawk
configure:2342: result: gawk
configure:2353: checking whether make sets $(MAKE)
configure:2375: result: yes
configure:2507: checking for gcc
configure:2523: found /usr/bin/gcc
configure:2534: result: gcc
configure:2766: checking for C compiler version
configure:2774: gcc --version >&5
gcc (GCC) 4.4.7 20120313 (Red Hat 4.4.7-16)
Copyright (C) 2010 Free Software Foundation, Inc.
This is free software; see the source for copying conditions.  There is NO
warranty; not even for MERCHANTABILITY or FITNESS FOR A PARTICULAR PURPOSE.

configure:2778: $? = 0
configure:2785: gcc -v >&5
Using built-in specs.
Target: x86_64-redhat-linux
Configured with: ../configure --prefix=/usr --mandir=/usr/share/man --infodir=/usr/share/info --with-bugurl=http://bugzilla.redhat.com/bugzilla --enable-bootstrap --enable-shared --enable-threads=posix --enable-checking=release --with-system-zlib --enable-__cxa_atexit --disable-libunwind-exceptions --enable-gnu-unique-object --enable-languages=c,c++,objc,obj-c++,java,fortran,ada --enable-java-awt=gtk --disable-dssi --with-java-home=/usr/lib/jvm/java-1.5.0-gcj-1.5.0.0/jre --enable-libgcj-multifile --enable-java-maintainer-mode --with-ecj-jar=/usr/share/java/eclipse-ecj.jar --disable-libjava-multilib --with-ppl --with-cloog --with-tune=generic --with-arch_32=i686 --build=x86_64-redhat-linux
Thread model: posix
gcc version 4.4.7 20120313 (Red Hat 4.4.7-16) (GCC) 
configure:2789: $? = 0
configure:2796: gcc -V >&5
gcc: '-V' option must have argument
configure:2800: $? = 1
configure:2823: checking for C compiler default output file name
configure:2845: gcc    conftest.c  >&5
configure:2849: $? = 0
configure:2887: result: a.out
configure:2906: checking whether the C compiler works
configure:2916: ./a.out
configure:2920: $? = 0
configure:2939: result: yes
configure:2946: checking whether we are cross compiling
configure:2948: result: no
configure:2951: checking for suffix of executables
configure:2958: gcc -o conftest    conftest.c  >&5
configure:2962: $? = 0
configure:2988: result: 
configure:2994: checking for suffix of object files
configure:3020: gcc -c   conftest.c >&5
configure:3024: $? = 0
configure:3049: result: o
configure:3053: checking whether we are using the GNU C compiler
configure:3082: gcc -c   conftest.c >&5
configure:3089: $? = 0
configure:3106: result: yes
configure:3115: checking whether gcc accepts -g
configure:3145: gcc -c -g  conftest.c >&5
configure:3152: $? = 0
configure:3253: result: yes
configure:3270: checking for gcc option to accept ISO C89
configure:3344: gcc  -c -g -O2  conftest.c >&5
configure:3351: $? = 0
configure:3374: result: none needed
configure:3403: checking for style of include used by make
configure:3431: result: GNU
configure:3456: checking dependency style of gcc
configure:3566: result: gcc3
configure:3639: checking for g++
configure:3655: found /usr/bin/g++
configure:3666: result: g++
configure:3693: checking for C++ compiler version
configure:3701: g++ --version >&5
g++ (GCC) 4.4.7 20120313 (Red Hat 4.4.7-16)
Copyright (C) 2010 Free Software Foundation, Inc.
This is free software; see the source for copying conditions.  There is NO
warranty; not even for MERCHANTABILITY or FITNESS FOR A PARTICULAR PURPOSE.

configure:3705: $? = 0
configure:3712: g++ -v >&5
Using built-in specs.
Target: x86_64-redhat-linux
Configured with: ../configure --prefix=/usr --mandir=/usr/share/man --infodir=/usr/share/info --with-bugurl=http://bugzilla.redhat.com/bugzilla --enable-bootstrap --enable-shared --enable-threads=posix --enable-checking=release --with-system-zlib --enable-__cxa_atexit --disable-libunwind-exceptions --enable-gnu-unique-object --enable-languages=c,c++,objc,obj-c++,java,fortran,ada --enable-java-awt=gtk --disable-dssi --with-java-home=/usr/lib/jvm/java-1.5.0-gcj-1.5.0.0/jre --enable-libgcj-multifile --enable-java-maintainer-mode --with-ecj-jar=/usr/share/java/eclipse-ecj.jar --disable-libjava-multilib --with-ppl --with-cloog --with-tune=generic --with-arch_32=i686 --build=x86_64-redhat-linux
Thread model: posix
gcc version 4.4.7 20120313 (Red Hat 4.4.7-16) (GCC) 
configure:3716: $? = 0
configure:3723: g++ -V >&5
g++: '-V' option must have argument
configure:3727: $? = 1
configure:3730: checking whether we are using the GNU C++ compiler
configure:3759: g++ -c   conftest.cpp >&5
configure:3766: $? = 0
configure:3783: result: yes
configure:3792: checking whether g++ accepts -g
configure:3822: g++ -c -g  conftest.cpp >&5
configure:3829: $? = 0
configure:3930: result: yes
configure:3955: checking dependency style of g++
configure:4065: result: gcc3
configure:4117: checking build system type
configure:4135: result: x86_64-unknown-linux-gnu
configure:4157: checking host system type
configure:4172: result: x86_64-unknown-linux-gnu
configure:4215: checking how to print strings
configure:4242: result: printf
configure:4263: checking for a sed that does not truncate output
configure:4329: result: /bin/sed
configure:4347: checking for grep that handles long lines and -e
configure:4407: result: /bin/grep
configure:4412: checking for egrep
configure:4476: result: /bin/grep -E
configure:4481: checking for fgrep
configure:4545: result: /bin/grep -F
configure:4580: checking for ld used by gcc
configure:4647: result: /usr/bin/ld
configure:4656: checking if the linker (/usr/bin/ld) is GNU ld
configure:4671: result: yes
configure:4683: checking for BSD- or MS-compatible name lister (nm)
configure:4732: result: /usr/bin/nm -B
configure:4862: checking the name lister (/usr/bin/nm -B) interface
configure:4869: g++ -c -g -O2  conftest.cpp >&5
configure:4872: /usr/bin/nm -B "conftest.o"
configure:4875: output
0000000000000000 B some_variable
configure:4882: result: BSD nm
configure:4885: checking whether ln -s works
configure:4889: result: yes
configure:4897: checking the maximum length of command line arguments
configure:5027: result: 1966080
configure:5044: checking whether the shell understands some XSI constructs
configure:5054: result: yes
configure:5058: checking whether the shell understands "+="
configure:5064: result: yes
configure:5099: checking how to convert x86_64-unknown-linux-gnu file names to x86_64-unknown-linux-gnu format
configure:5139: result: func_convert_file_noop
configure:5146: checking how to convert x86_64-unknown-linux-gnu file names to toolchain format
configure:5166: result: func_convert_file_noop
configure:5173: checking for /usr/bin/ld option to reload object files
configure:5180: result: -r
configure:5254: checking for objdump
configure:5270: found /usr/bin/objdump
configure:5281: result: objdump
configure:5313: checking how to recognize dependent libraries
configure:5515: result: pass_all
configure:5600: checking for dlltool
configure:5630: result: no
configure:5660: checking how to associate runtime and link libraries
configure:5687: result: printf %s\n
configure:5748: checking for ar
configure:5764: found /usr/bin/ar
configure:5775: result: ar
configure:5812: checking for archiver @FILE support
configure:5839: g++ -c -g -O2  conftest.cpp >&5
configure:5846: $? = 0
configure:5853: ar cru libconftest.a @conftest.lst >&5
configure:5856: $? = 0
configure:5861: ar cru libconftest.a @conftest.lst >&5
ar: conftest.o: No such file or directory
configure:5864: $? = 1
configure:5882: result: @
configure:5940: checking for strip
configure:5956: found /usr/bin/strip
configure:5967: result: strip
configure:6039: checking for ranlib
configure:6055: found /usr/bin/ranlib
configure:6066: result: ranlib
configure:6168: checking command to parse /usr/bin/nm -B output from gcc object
configure:6288: g++ -c -g -O2  conftest.cpp >&5
configure:6291: $? = 0
configure:6295: /usr/bin/nm -B conftest.o \| sed -n -e 's/^.*[ ]\([ABCDGIRSTW][ABCDGIRSTW]*\)[ ][ ]*\([_A-Za-z][_A-Za-z0-9]*\)$/\1 \2 \2/p' | sed '/ __gnu_lto/d' \> conftest.nm
configure:6298: $? = 0
configure:6364: g++ -o conftest -g -O2   conftest.cpp conftstm.o >&5
configure:6367: $? = 0
configure:6405: result: ok
configure:6442: checking for sysroot
configure:6474: result: no
configure:6552: g++ -c -g -O2  conftest.cpp >&5
configure:6555: $? = 0
configure:6760: checking for mt
configure:6790: result: no
configure:6810: checking if : is a manifest tool
configure:6816: : '-?'
configure:6824: result: no
configure:7495: checking how to run the C preprocessor
configure:7535: gcc -E  conftest.c
configure:7542: $? = 0
configure:7573: gcc -E  conftest.c
conftest.c:10:28: error: ac_nonexistent.h: No such file or directory
configure:7580: $? = 1
configure: failed program was:
| /* confdefs.h.  */
| #define PACKAGE_NAME "Google C++ Testing Framework"
| #define PACKAGE_TARNAME "gtest"
| #define PACKAGE_VERSION "1.7.0"
| #define PACKAGE_STRING "Google C++ Testing Framework 1.7.0"
| #define PACKAGE_BUGREPORT "googletestframework@googlegroups.com"
| #define PACKAGE "gtest"
| #define VERSION "1.7.0"
| /* end confdefs.h.  */
| #include <ac_nonexistent.h>
configure:7613: result: gcc -E
configure:7642: gcc -E  conftest.c
configure:7649: $? = 0
configure:7680: gcc -E  conftest.c
conftest.c:10:28: error: ac_nonexistent.h: No such file or directory
configure:7687: $? = 1
configure: failed program was:
| /* confdefs.h.  */
| #define PACKAGE_NAME "Google C++ Testing Framework"
| #define PACKAGE_TARNAME "gtest"
| #define PACKAGE_VERSION "1.7.0"
| #define PACKAGE_STRING "Google C++ Testing Framework 1.7.0"
| #define PACKAGE_BUGREPORT "googletestframework@googlegroups.com"
| #define PACKAGE "gtest"
| #define VERSION "1.7.0"
| /* end confdefs.h.  */
| #include <ac_nonexistent.h>
configure:7727: checking for ANSI C header files
configure:7757: gcc -c -g -O2  conftest.c >&5
configure:7764: $? = 0
configure:7863: gcc -o conftest -g -O2   conftest.c  >&5
configure:7867: $? = 0
configure:7873: ./conftest
configure:7877: $? = 0
configure:7895: result: yes
configure:7919: checking for sys/types.h
configure:7940: gcc -c -g -O2  conftest.c >&5
configure:7947: $? = 0
configure:7964: result: yes
configure:7919: checking for sys/stat.h
configure:7940: gcc -c -g -O2  conftest.c >&5
configure:7947: $? = 0
configure:7964: result: yes
configure:7919: checking for stdlib.h
configure:7940: gcc -c -g -O2  conftest.c >&5
configure:7947: $? = 0
configure:7964: result: yes
configure:7919: checking for string.h
configure:7940: gcc -c -g -O2  conftest.c >&5
configure:7947: $? = 0
configure:7964: result: yes
configure:7919: checking for memory.h
configure:7940: gcc -c -g -O2  conftest.c >&5
configure:7947: $? = 0
configure:7964: result: yes
configure:7919: checking for strings.h
configure:7940: gcc -c -g -O2  conftest.c >&5
configure:7947: $? = 0
configure:7964: result: yes
configure:7919: checking for inttypes.h
configure:7940: gcc -c -g -O2  conftest.c >&5
configure:7947: $? = 0
configure:7964: result: yes
configure:7919: checking for stdint.h
configure:7940: gcc -c -g -O2  conftest.c >&5
configure:7947: $? = 0
configure:7964: result: yes
configure:7919: checking for unistd.h
configure:7940: gcc -c -g -O2  conftest.c >&5
configure:7947: $? = 0
configure:7964: result: yes
configure:7982: checking for dlfcn.h
configure:8003: gcc -c -g -O2  conftest.c >&5
configure:8010: $? = 0
configure:8027: result: yes
configure:8245: checking for objdir
configure:8260: result: .libs
configure:8531: checking if gcc supports -fno-rtti -fno-exceptions
configure:8549: gcc -c -g -O2  -fno-rtti -fno-exceptions conftest.c >&5
cc1: warning: command line option "-fno-rtti" is valid for C++/ObjC++ but not for C
configure:8553: $? = 0
configure:8566: result: no
configure:8893: checking for gcc option to produce PIC
configure:8900: result: -fPIC -DPIC
configure:8908: checking if gcc PIC flag -fPIC -DPIC works
configure:8926: gcc -c -g -O2  -fPIC -DPIC -DPIC conftest.c >&5
configure:8930: $? = 0
configure:8943: result: yes
configure:8972: checking if gcc static flag -static works
configure:9000: result: no
configure:9015: checking if gcc supports -c -o file.o
configure:9036: gcc -c -g -O2  -o out/conftest2.o conftest.c >&5
configure:9040: $? = 0
configure:9062: result: yes
configure:9070: checking if gcc supports -c -o file.o
configure:9117: result: yes
configure:9150: checking whether the gcc linker (/usr/bin/ld -m elf_x86_64) supports shared libraries
configure:10398: result: yes
configure:10435: checking whether -lc should be explicitly linked in
configure:10443: gcc -c -g -O2  conftest.c >&5
configure:10446: $? = 0
configure:10461: gcc -shared  -fPIC -DPIC conftest.o  -v -Wl,-soname -Wl,conftest -o conftest 2\>\&1 \| /bin/grep  -lc  \>/dev/null 2\>\&1
configure:10464: $? = 0
configure:10478: result: no
configure:10638: checking dynamic linker characteristics
configure:11159: gcc -o conftest -g -O2   -Wl,-rpath -Wl,/foo conftest.c  >&5
configure:11166: $? = 0
configure:11415: result: GNU/Linux ld.so
configure:11522: checking how to hardcode library paths into programs
configure:11547: result: immediate
configure:12400: checking whether stripping libraries is possible
configure:12405: result: yes
configure:12440: checking if libtool supports shared libraries
configure:12442: result: yes
configure:12445: checking whether to build shared libraries
configure:12466: result: yes
configure:12469: checking whether to build static libraries
configure:12473: result: yes
configure:12496: checking how to run the C++ preprocessor
configure:12532: g++ -E  conftest.cpp
configure:12539: $? = 0
configure:12570: g++ -E  conftest.cpp
conftest.cpp:22:28: error: ac_nonexistent.h: No such file or directory
configure:12577: $? = 1
configure: failed program was:
| /* confdefs.h.  */
| #define PACKAGE_NAME "Google C++ Testing Framework"
| #define PACKAGE_TARNAME "gtest"
| #define PACKAGE_VERSION "1.7.0"
| #define PACKAGE_STRING "Google C++ Testing Framework 1.7.0"
| #define PACKAGE_BUGREPORT "googletestframework@googlegroups.com"
| #define PACKAGE "gtest"
| #define VERSION "1.7.0"
| #define STDC_HEADERS 1
| #define HAVE_SYS_TYPES_H 1
| #define HAVE_SYS_STAT_H 1
| #define HAVE_STDLIB_H 1
| #define HAVE_STRING_H 1
| #define HAVE_MEMORY_H 1
| #define HAVE_STRINGS_H 1
| #define HAVE_INTTYPES_H 1
| #define HAVE_STDINT_H 1
| #define HAVE_UNISTD_H 1
| #define HAVE_DLFCN_H 1
| #define LT_OBJDIR ".libs/"
| /* end confdefs.h.  */
| #include <ac_nonexistent.h>
configure:12610: result: g++ -E
configure:12639: g++ -E  conftest.cpp
configure:12646: $? = 0
configure:12677: g++ -E  conftest.cpp
conftest.cpp:22:28: error: ac_nonexistent.h: No such file or directory
configure:12684: $? = 1
configure: failed program was:
| /* confdefs.h.  */
| #define PACKAGE_NAME "Google C++ Testing Framework"
| #define PACKAGE_TARNAME "gtest"
| #define PACKAGE_VERSION "1.7.0"
| #define PACKAGE_STRING "Google C++ Testing Framework 1.7.0"
| #define PACKAGE_BUGREPORT "googletestframework@googlegroups.com"
| #define PACKAGE "gtest"
| #define VERSION "1.7.0"
| #define STDC_HEADERS 1
| #define HAVE_SYS_TYPES_H 1
| #define HAVE_SYS_STAT_H 1
| #define HAVE_STDLIB_H 1
| #define HAVE_STRING_H 1
| #define HAVE_MEMORY_H 1
| #define HAVE_STRINGS_H 1
| #define HAVE_INTTYPES_H 1
| #define HAVE_STDINT_H 1
| #define HAVE_UNISTD_H 1
| #define HAVE_DLFCN_H 1
| #define LT_OBJDIR ".libs/"
| /* end confdefs.h.  */
| #include <ac_nonexistent.h>
configure:12864: checking for ld used by g++
configure:12931: result: /usr/bin/ld -m elf_x86_64
configure:12940: checking if the linker (/usr/bin/ld -m elf_x86_64) is GNU ld
configure:12955: result: yes
configure:13010: checking whether the g++ linker (/usr/bin/ld -m elf_x86_64) supports shared libraries
configure:14077: result: yes
configure:14113: g++ -c -g -O2  conftest.cpp >&5
configure:14116: $? = 0
configure:14636: checking for g++ option to produce PIC
configure:14643: result: -fPIC -DPIC
configure:14651: checking if g++ PIC flag -fPIC -DPIC works
configure:14669: g++ -c -g -O2  -fPIC -DPIC -DPIC conftest.cpp >&5
configure:14673: $? = 0
configure:14686: result: yes
configure:14709: checking if g++ static flag -static works
configure:14737: result: no
configure:14749: checking if g++ supports -c -o file.o
configure:14770: g++ -c -g -O2  -o out/conftest2.o conftest.cpp >&5
configure:14774: $? = 0
configure:14796: result: yes
configure:14801: checking if g++ supports -c -o file.o
configure:14848: result: yes
configure:14878: checking whether the g++ linker (/usr/bin/ld -m elf_x86_64) supports shared libraries
configure:14917: result: yes
configure:15058: checking dynamic linker characteristics
configure:15769: result: GNU/Linux ld.so
configure:15822: checking how to hardcode library paths into programs
configure:15847: result: immediate
configure:15917: checking for python
configure:15935: found /usr/bin/python
configure:15948: result: /usr/bin/python
configure:15966: /usr/bin/python -c import sys # split strings by '.' and convert to numeric. Append some zeros # because we need at least 4 digits for the hex conversion. # map returns an iterator in Python 3.0 and a list in 2.x minver = list(map(int, '2.3'.split('.'))) + [0, 0, 0] minverhex = 0 # xrange is not present in Python 3.0 and range returns an iterator for i in list(range(0, 4)): minverhex = (minverhex << 8) + minver[i] sys.exit(sys.hexversion < minverhex)
configure:15969: $? = 0
configure:16195: checking for the pthreads library -lpthreads
configure:16238: gcc -o conftest -g -O2    conftest.c -lpthreads  >&5
/usr/bin/ld: cannot find -lpthreads
collect2: ld returned 1 exit status
configure:16245: $? = 1
configure: failed program was:
| /* confdefs.h.  */
| #define PACKAGE_NAME "Google C++ Testing Framework"
| #define PACKAGE_TARNAME "gtest"
| #define PACKAGE_VERSION "1.7.0"
| #define PACKAGE_STRING "Google C++ Testing Framework 1.7.0"
| #define PACKAGE_BUGREPORT "googletestframework@googlegroups.com"
| #define PACKAGE "gtest"
| #define VERSION "1.7.0"
| #define STDC_HEADERS 1
| #define HAVE_SYS_TYPES_H 1
| #define HAVE_SYS_STAT_H 1
| #define HAVE_STDLIB_H 1
| #define HAVE_STRING_H 1
| #define HAVE_MEMORY_H 1
| #define HAVE_STRINGS_H 1
| #define HAVE_INTTYPES_H 1
| #define HAVE_STDINT_H 1
| #define HAVE_UNISTD_H 1
| #define HAVE_DLFCN_H 1
| #define LT_OBJDIR ".libs/"
| /* end confdefs.h.  */
| #include <pthread.h>
| int
| main ()
| {
| pthread_t th; pthread_join(th, 0);
|                      pthread_attr_init(0); pthread_cleanup_push(0, 0);
|                      pthread_create(0,0,0,0); pthread_cleanup_pop(0);
|   ;
|   return 0;
| }
configure:16268: result: no
configure:16140: checking whether pthreads work without any flags
configure:16238: gcc -o conftest -g -O2    conftest.c   >&5
/tmp/cc4zp1a9.o: In function `main':
/home/dev/git/leetcode/algo/gtest-1.7.0/conftest.c:26: undefined reference to `pthread_join'
/home/dev/git/leetcode/algo/gtest-1.7.0/conftest.c:27: undefined reference to `__pthread_register_cancel'
/home/dev/git/leetcode/algo/gtest-1.7.0/conftest.c:28: undefined reference to `pthread_create'
/home/dev/git/leetcode/algo/gtest-1.7.0/conftest.c:28: undefined reference to `__pthread_unregister_cancel'
collect2: ld returned 1 exit status
configure:16245: $? = 1
configure: failed program was:
| /* confdefs.h.  */
| #define PACKAGE_NAME "Google C++ Testing Framework"
| #define PACKAGE_TARNAME "gtest"
| #define PACKAGE_VERSION "1.7.0"
| #define PACKAGE_STRING "Google C++ Testing Framework 1.7.0"
| #define PACKAGE_BUGREPORT "googletestframework@googlegroups.com"
| #define PACKAGE "gtest"
| #define VERSION "1.7.0"
| #define STDC_HEADERS 1
| #define HAVE_SYS_TYPES_H 1
| #define HAVE_SYS_STAT_H 1
| #define HAVE_STDLIB_H 1
| #define HAVE_STRING_H 1
| #define HAVE_MEMORY_H 1
| #define HAVE_STRINGS_H 1
| #define HAVE_INTTYPES_H 1
| #define HAVE_STDINT_H 1
| #define HAVE_UNISTD_H 1
| #define HAVE_DLFCN_H 1
| #define LT_OBJDIR ".libs/"
| /* end confdefs.h.  */
| #include <pthread.h>
| int
| main ()
| {
| pthread_t th; pthread_join(th, 0);
|                      pthread_attr_init(0); pthread_cleanup_push(0, 0);
|                      pthread_create(0,0,0,0); pthread_cleanup_pop(0);
|   ;
|   return 0;
| }
configure:16268: result: no
configure:16145: checking whether pthreads work with -Kthread
configure:16238: gcc -o conftest -g -O2 -Kthread   conftest.c   >&5
gcc: unrecognized option '-Kthread'
/tmp/ccqRrDAf.o: In function `main':
/home/dev/git/leetcode/algo/gtest-1.7.0/conftest.c:26: undefined reference to `pthread_join'
/home/dev/git/leetcode/algo/gtest-1.7.0/conftest.c:27: undefined reference to `__pthread_register_cancel'
/home/dev/git/leetcode/algo/gtest-1.7.0/conftest.c:28: undefined reference to `pthread_create'
/home/dev/git/leetcode/algo/gtest-1.7.0/conftest.c:28: undefined reference to `__pthread_unregister_cancel'
collect2: ld returned 1 exit status
configure:16245: $? = 1
configure: failed program was:
| /* confdefs.h.  */
| #define PACKAGE_NAME "Google C++ Testing Framework"
| #define PACKAGE_TARNAME "gtest"
| #define PACKAGE_VERSION "1.7.0"
| #define PACKAGE_STRING "Google C++ Testing Framework 1.7.0"
| #define PACKAGE_BUGREPORT "googletestframework@googlegroups.com"
| #define PACKAGE "gtest"
| #define VERSION "1.7.0"
| #define STDC_HEADERS 1
| #define HAVE_SYS_TYPES_H 1
| #define HAVE_SYS_STAT_H 1
| #define HAVE_STDLIB_H 1
| #define HAVE_STRING_H 1
| #define HAVE_MEMORY_H 1
| #define HAVE_STRINGS_H 1
| #define HAVE_INTTYPES_H 1
| #define HAVE_STDINT_H 1
| #define HAVE_UNISTD_H 1
| #define HAVE_DLFCN_H 1
| #define LT_OBJDIR ".libs/"
| /* end confdefs.h.  */
| #include <pthread.h>
| int
| main ()
| {
| pthread_t th; pthread_join(th, 0);
|                      pthread_attr_init(0); pthread_cleanup_push(0, 0);
|                      pthread_create(0,0,0,0); pthread_cleanup_pop(0);
|   ;
|   return 0;
| }
configure:16268: result: no
configure:16145: checking whether pthreads work with -kthread
configure:16238: gcc -o conftest -g -O2 -kthread   conftest.c   >&5
gcc: unrecognized option '-kthread'
/tmp/ccirjQti.o: In function `main':
/home/dev/git/leetcode/algo/gtest-1.7.0/conftest.c:26: undefined reference to `pthread_join'
/home/dev/git/leetcode/algo/gtest-1.7.0/conftest.c:27: undefined reference to `__pthread_register_cancel'
/home/dev/git/leetcode/algo/gtest-1.7.0/conftest.c:28: undefined reference to `pthread_create'
/home/dev/git/leetcode/algo/gtest-1.7.0/conftest.c:28: undefined reference to `__pthread_unregister_cancel'
collect2: ld returned 1 exit status
configure:16245: $? = 1
configure: failed program was:
| /* confdefs.h.  */
| #define PACKAGE_NAME "Google C++ Testing Framework"
| #define PACKAGE_TARNAME "gtest"
| #define PACKAGE_VERSION "1.7.0"
| #define PACKAGE_STRING "Google C++ Testing Framework 1.7.0"
| #define PACKAGE_BUGREPORT "googletestframework@googlegroups.com"
| #define PACKAGE "gtest"
| #define VERSION "1.7.0"
| #define STDC_HEADERS 1
| #define HAVE_SYS_TYPES_H 1
| #define HAVE_SYS_STAT_H 1
| #define HAVE_STDLIB_H 1
| #define HAVE_STRING_H 1
| #define HAVE_MEMORY_H 1
| #define HAVE_STRINGS_H 1
| #define HAVE_INTTYPES_H 1
| #define HAVE_STDINT_H 1
| #define HAVE_UNISTD_H 1
| #define HAVE_DLFCN_H 1
| #define LT_OBJDIR ".libs/"
| /* end confdefs.h.  */
| #include <pthread.h>
| int
| main ()
| {
| pthread_t th; pthread_join(th, 0);
|                      pthread_attr_init(0); pthread_cleanup_push(0, 0);
|                      pthread_create(0,0,0,0); pthread_cleanup_pop(0);
|   ;
|   return 0;
| }
configure:16268: result: no
configure:16195: checking for the pthreads library -llthread
configure:16238: gcc -o conftest -g -O2    conftest.c -llthread  >&5
/usr/bin/ld: cannot find -llthread
collect2: ld returned 1 exit status
configure:16245: $? = 1
configure: failed program was:
| /* confdefs.h.  */
| #define PACKAGE_NAME "Google C++ Testing Framework"
| #define PACKAGE_TARNAME "gtest"
| #define PACKAGE_VERSION "1.7.0"
| #define PACKAGE_STRING "Google C++ Testing Framework 1.7.0"
| #define PACKAGE_BUGREPORT "googletestframework@googlegroups.com"
| #define PACKAGE "gtest"
| #define VERSION "1.7.0"
| #define STDC_HEADERS 1
| #define HAVE_SYS_TYPES_H 1
| #define HAVE_SYS_STAT_H 1
| #define HAVE_STDLIB_H 1
| #define HAVE_STRING_H 1
| #define HAVE_MEMORY_H 1
| #define HAVE_STRINGS_H 1
| #define HAVE_INTTYPES_H 1
| #define HAVE_STDINT_H 1
| #define HAVE_UNISTD_H 1
| #define HAVE_DLFCN_H 1
| #define LT_OBJDIR ".libs/"
| /* end confdefs.h.  */
| #include <pthread.h>
| int
| main ()
| {
| pthread_t th; pthread_join(th, 0);
|                      pthread_attr_init(0); pthread_cleanup_push(0, 0);
|                      pthread_create(0,0,0,0); pthread_cleanup_pop(0);
|   ;
|   return 0;
| }
configure:16268: result: no
configure:16145: checking whether pthreads work with -pthread
configure:16238: gcc -o conftest -g -O2 -pthread   conftest.c   >&5
configure:16245: $? = 0
configure:16268: result: yes
configure:16287: checking for joinable pthread attribute
configure:16312: gcc -o conftest -g -O2 -pthread   conftest.c   >&5
configure:16319: $? = 0
configure:16339: result: PTHREAD_CREATE_JOINABLE
configure:16349: checking if more special flags are required for pthreads
configure:16356: result: no
configure:16445: checking whether to check for GCC pthread/shared inconsistencies
configure:16468: gcc -o conftest -shared -fPIC -Wl,-z,defs -g -O2 -pthread   conftest.c   >&5
configure:16475: $? = 0
configure:16499: result: yes
configure:16505: checking whether -pthread is sufficient with -shared
configure:16530: gcc -o conftest -shared -fPIC -Wl,-z,defs -g -O2 -pthread   conftest.c   >&5
configure:16537: $? = 0
configure:16558: result: yes
configure:16912: creating ./config.status

## ---------------- ##
## Cache variables. ##
## ---------------- ##

ac_cv_build=x86_64-unknown-linux-gnu
ac_cv_c_compiler_gnu=yes
ac_cv_cxx_compiler_gnu=yes
ac_cv_env_CCC_set=
ac_cv_env_CCC_value=
ac_cv_env_CC_set=
ac_cv_env_CC_value=
ac_cv_env_CFLAGS_set=
ac_cv_env_CFLAGS_value=
ac_cv_env_CPPFLAGS_set=
ac_cv_env_CPPFLAGS_value=
ac_cv_env_CPP_set=
ac_cv_env_CPP_value=
ac_cv_env_CXXCPP_set=
ac_cv_env_CXXCPP_value=
ac_cv_env_CXXFLAGS_set=
ac_cv_env_CXXFLAGS_value=
ac_cv_env_CXX_set=
ac_cv_env_CXX_value=
ac_cv_env_LDFLAGS_set=
ac_cv_env_LDFLAGS_value=
ac_cv_env_LIBS_set=
ac_cv_env_LIBS_value=
ac_cv_env_build_alias_set=
ac_cv_env_build_alias_value=
ac_cv_env_host_alias_set=
ac_cv_env_host_alias_value=
ac_cv_env_target_alias_set=
ac_cv_env_target_alias_value=
ac_cv_header_dlfcn_h=yes
ac_cv_header_inttypes_h=yes
ac_cv_header_memory_h=yes
ac_cv_header_stdc=yes
ac_cv_header_stdint_h=yes
ac_cv_header_stdlib_h=yes
ac_cv_header_string_h=yes
ac_cv_header_strings_h=yes
ac_cv_header_sys_stat_h=yes
ac_cv_header_sys_types_h=yes
ac_cv_header_unistd_h=yes
ac_cv_host=x86_64-unknown-linux-gnu
ac_cv_objext=o
ac_cv_path_EGREP='/bin/grep -E'
ac_cv_path_FGREP='/bin/grep -F'
ac_cv_path_GREP=/bin/grep
ac_cv_path_PYTHON=/usr/bin/python
ac_cv_path_SED=/bin/sed
ac_cv_path_install='/usr/bin/install -c'
ac_cv_path_mkdir=/bin/mkdir
ac_cv_prog_AWK=gawk
ac_cv_prog_CPP='gcc -E'
ac_cv_prog_CXXCPP='g++ -E'
ac_cv_prog_ac_ct_AR=ar
ac_cv_prog_ac_ct_CC=gcc
ac_cv_prog_ac_ct_CXX=g++
ac_cv_prog_ac_ct_OBJDUMP=objdump
ac_cv_prog_ac_ct_RANLIB=ranlib
ac_cv_prog_ac_ct_STRIP=strip
ac_cv_prog_cc_c89=
ac_cv_prog_cc_g=yes
ac_cv_prog_cxx_g=yes
ac_cv_prog_make_make_set=yes
am_cv_CC_dependencies_compiler_type=gcc3
am_cv_CXX_dependencies_compiler_type=gcc3
lt_cv_ar_at_file=@
lt_cv_archive_cmds_need_lc=no
lt_cv_deplibs_check_method=pass_all
lt_cv_file_magic_cmd='$MAGIC_CMD'
lt_cv_file_magic_test_file=
lt_cv_ld_reload_flag=-r
lt_cv_nm_interface='BSD nm'
lt_cv_objdir=.libs
lt_cv_path_LD=/usr/bin/ld
lt_cv_path_LDCXX='/usr/bin/ld -m elf_x86_64'
lt_cv_path_NM='/usr/bin/nm -B'
lt_cv_path_mainfest_tool=no
lt_cv_prog_compiler_c_o=yes
lt_cv_prog_compiler_c_o_CXX=yes
lt_cv_prog_compiler_pic='-fPIC -DPIC'
lt_cv_prog_compiler_pic_CXX='-fPIC -DPIC'
lt_cv_prog_compiler_pic_works=yes
lt_cv_prog_compiler_pic_works_CXX=yes
lt_cv_prog_compiler_rtti_exceptions=no
lt_cv_prog_compiler_static_works=no
lt_cv_prog_compiler_static_works_CXX=no
lt_cv_prog_gnu_ld=yes
lt_cv_prog_gnu_ldcxx=yes
lt_cv_sharedlib_from_linklib_cmd='printf %s\n'
lt_cv_shlibpath_overrides_runpath=no
lt_cv_sys_global_symbol_pipe='sed -n -e '\''s/^.*[	 ]\([ABCDGIRSTW][ABCDGIRSTW]*\)[	 ][	 ]*\([_A-Za-z][_A-Za-z0-9]*\)$/\1 \2 \2/p'\'' | sed '\''/ __gnu_lto/d'\'''
lt_cv_sys_global_symbol_to_c_name_address='sed -n -e '\''s/^: \([^ ]*\)[ ]*$/  {\"\1\", (void *) 0},/p'\'' -e '\''s/^[ABCDGIRSTW]* \([^ ]*\) \([^ ]*\)$/  {"\2", (void *) \&\2},/p'\'''
lt_cv_sys_global_symbol_to_c_name_address_lib_prefix='sed -n -e '\''s/^: \([^ ]*\)[ ]*$/  {\"\1\", (void *) 0},/p'\'' -e '\''s/^[ABCDGIRSTW]* \([^ ]*\) \(lib[^ ]*\)$/  {"\2", (void *) \&\2},/p'\'' -e '\''s/^[ABCDGIRSTW]* \([^ ]*\) \([^ ]*\)$/  {"lib\2", (void *) \&\2},/p'\'''
lt_cv_sys_global_symbol_to_cdecl='sed -n -e '\''s/^T .* \(.*\)$/extern int \1();/p'\'' -e '\''s/^[ABCDGIRSTW]* .* \(.*\)$/extern char \1;/p'\'''
lt_cv_sys_max_cmd_len=1966080
lt_cv_to_host_file_cmd=func_convert_file_noop
lt_cv_to_tool_file_cmd=func_convert_file_noop

## ----------------- ##
## Output variables. ##
## ----------------- ##

ACLOCAL='${SHELL} /home/dev/git/leetcode/algo/gtest-1.7.0/build-aux/missing --run aclocal-1.11'
AMDEPBACKSLASH='\'
AMDEP_FALSE='#'
AMDEP_TRUE=''
AMTAR='${SHELL} /home/dev/git/leetcode/algo/gtest-1.7.0/build-aux/missing --run tar'
AR='ar'
AUTOCONF='${SHELL} /home/dev/git/leetcode/algo/gtest-1.7.0/build-aux/missing --run autoconf'
AUTOHEADER='${SHELL} /home/dev/git/leetcode/algo/gtest-1.7.0/build-aux/missing --run autoheader'
AUTOMAKE='${SHELL} /home/dev/git/leetcode/algo/gtest-1.7.0/build-aux/missing --run automake-1.11'
AWK='gawk'
CC='gcc'
CCDEPMODE='depmode=gcc3'
CFLAGS='-g -O2'
CPP='gcc -E'
CPPFLAGS=''
CXX='g++'
CXXCPP='g++ -E'
CXXDEPMODE='depmode=gcc3'
CXXFLAGS='-g -O2'
CYGPATH_W='echo'
DEFS='-DHAVE_CONFIG_H'
DEPDIR='.deps'
DLLTOOL='false'
DSYMUTIL=''
DUMPBIN=''
ECHO_C=''
ECHO_N='-n'
ECHO_T=''
EGREP='/bin/grep -E'
EXEEXT=''
FGREP='/bin/grep -F'
GREP='/bin/grep'
HAVE_PTHREADS_FALSE='#'
HAVE_PTHREADS_TRUE=''
HAVE_PYTHON_FALSE='#'
HAVE_PYTHON_TRUE=''
INSTALL_DATA='${INSTALL} -m 644'
INSTALL_PROGRAM='${INSTALL}'
INSTALL_SCRIPT='${INSTALL}'
INSTALL_STRIP_PROGRAM='$(install_sh) -c -s'
LD='/usr/bin/ld -m elf_x86_64'
LDFLAGS=''
LIBOBJS=''
LIBS=''
LIBTOOL='$(SHELL) $(top_builddir)/libtool'
LIPO=''
LN_S='ln -s'
LTLIBOBJS=''
MAKEINFO='${SHELL} /home/dev/git/leetcode/algo/gtest-1.7.0/build-aux/missing --run makeinfo'
MANIFEST_TOOL=':'
MKDIR_P='/bin/mkdir -p'
NM='/usr/bin/nm -B'
NMEDIT=''
OBJDUMP='objdump'
OBJEXT='o'
OTOOL64=''
OTOOL=''
PACKAGE='gtest'
PACKAGE_BUGREPORT='googletestframework@googlegroups.com'
PACKAGE_NAME='Google C++ Testing Framework'
PACKAGE_STRING='Google C++ Testing Framework 1.7.0'
PACKAGE_TARNAME='gtest'
PACKAGE_VERSION='1.7.0'
PATH_SEPARATOR=':'
PTHREAD_CC='gcc'
PTHREAD_CFLAGS='-pthread'
PTHREAD_LIBS=''
PYTHON='/usr/bin/python'
RANLIB='ranlib'
SED='/bin/sed'
SET_MAKE=''
SHELL='/bin/sh'
STRIP='strip'
VERSION='1.7.0'
ac_ct_AR='ar'
ac_ct_CC='gcc'
ac_ct_CXX='g++'
ac_ct_DUMPBIN=''
acx_pthread_config=''
am__EXEEXT_FALSE=''
am__EXEEXT_TRUE='#'
am__fastdepCC_FALSE='#'
am__fastdepCC_TRUE=''
am__fastdepCXX_FALSE='#'
am__fastdepCXX_TRUE=''
am__include='include'
am__isrc=''
am__leading_dot='.'
am__quote=''
am__tar='${AMTAR} chof - "$$tardir"'
am__untar='${AMTAR} xf -'
bindir='${exec_prefix}/bin'
build='x86_64-unknown-linux-gnu'
build_alias=''
build_cpu='x86_64'
build_os='linux-gnu'
build_vendor='unknown'
datadir='${datarootdir}'
datarootdir='${prefix}/share'
docdir='${datarootdir}/doc/${PACKAGE_TARNAME}'
dvidir='${docdir}'
exec_prefix='${prefix}'
host='x86_64-unknown-linux-gnu'
host_alias=''
host_cpu='x86_64'
host_os='linux-gnu'
host_vendor='unknown'
htmldir='${docdir}'
includedir='${prefix}/include'
infodir='${datarootdir}/info'
install_sh='${SHELL} /home/dev/git/leetcode/algo/gtest-1.7.0/build-aux/install-sh'
libdir='${exec_prefix}/lib'
libexecdir='${exec_prefix}/libexec'
localedir='${datarootdir}/locale'
localstatedir='${prefix}/var'
mandir='${datarootdir}/man'
mkdir_p='/bin/mkdir -p'
oldincludedir='/usr/include'
pdfdir='${docdir}'
prefix='/usr/local'
program_transform_name='s,x,x,'
psdir='${docdir}'
sbindir='${exec_prefix}/sbin'
sharedstatedir='${prefix}/com'
sysconfdir='${prefix}/etc'
target_alias=''

## ----------- ##
## confdefs.h. ##
## ----------- ##

#define PACKAGE_NAME "Google C++ Testing Framework"
#define PACKAGE_TARNAME "gtest"
#define PACKAGE_VERSION "1.7.0"
#define PACKAGE_STRING "Google C++ Testing Framework 1.7.0"
#define PACKAGE_BUGREPORT "googletestframework@googlegroups.com"
#define PACKAGE "gtest"
#define VERSION "1.7.0"
#define STDC_HEADERS 1
#define HAVE_SYS_TYPES_H 1
#define HAVE_SYS_STAT_H 1
#define HAVE_STDLIB_H 1
#define HAVE_STRING_H 1
#define HAVE_MEMORY_H 1
#define HAVE_STRINGS_H 1
#define HAVE_INTTYPES_H 1
#define HAVE_STDINT_H 1
#define HAVE_UNISTD_H 1
#define HAVE_DLFCN_H 1
#define LT_OBJDIR ".libs/"
#define HAVE_PTHREAD 1

configure: exit 0

## ---------------------- ##
## Running config.status. ##
## ---------------------- ##

This file was extended by Google C++ Testing Framework config.status 1.7.0, which was
generated by GNU Autoconf 2.63.  Invocation command line was

  CONFIG_FILES    = 
  CONFIG_HEADERS  = 
  CONFIG_LINKS    = 
  CONFIG_COMMANDS = 
  $ ./config.status 

on ss

config.status:1073: creating Makefile
config.status:1073: creating scripts/gtest-config
config.status:1073: creating build-aux/config.h
config.status:1347: executing depfiles commands
config.status:1347: executing libtool commands
